11:35:17,117 root INFO 
	 model: Feb21_18-35-29_a713059c@c50e1006 
	dataset: c50e1006
11:35:17,414 root INFO 

------------------------------------------------------------------
	dataset_loader: train_loader
	mse_loss:0.002437501252739151
	rmse_loss:0.04819608154216425
11:35:17,508 root INFO 

------------------------------------------------------------------
	dataset_loader: valid_loader
	mse_loss:0.002373136341032621
	rmse_loss:0.048265028096369296
11:35:17,617 root INFO 

------------------------------------------------------------------
	dataset_loader: test_loader
	mse_loss:0.0023947960550063535
	rmse_loss:0.04826586141887271
11:35:17,727 root INFO 

------------------------------------------------------------------
	dataset_loader: ref_loader
	mse_loss:0.0024216627475413446
	rmse_loss:0.04858167587194171
