14:52:53,923 root INFO 
	 model: Feb21_15-08-41_c2bc468a@c50e1006
	dataset: c50e1006
14:52:54,235 root INFO 

------------------------------------------------------------------
	dataset_loader: train_loader
	mse_loss:0.0025064607662467382
	rmse_loss:0.04939956473989763
14:52:54,345 root INFO 

------------------------------------------------------------------
	dataset_loader: valid_loader
	mse_loss:0.0025093566954111387
	rmse_loss:0.049340957571784604
14:52:54,438 root INFO 

------------------------------------------------------------------
	dataset_loader: test_loader
	mse_loss:0.002534958705502121
	rmse_loss:0.049779228292443876
14:52:54,548 root INFO 

------------------------------------------------------------------
	dataset_loader: ref_loader
	mse_loss:0.002588314215628136
	rmse_loss:0.0501109129261326
